# JRE version: Java(TM) SE Runtime Environment (21.0.1+12) (build 21.0.1+12-LTS-29)
# Java VM: Java HotSpot(TM) 64-Bit Server VM (21.0.1+12-LTS-29, mixed mode, sharing, tiered, compressed oops, compressed class ptrs, g1 gc, windows-amd64)
GC Precious Log:
 CardTable entry size: 512
 Card Set container configuration: InlinePtr #cards 5 size 8 Array Of Cards #cards 12 size 40 Howl #buckets 4 coarsen threshold 1843 Howl Bitmap #cards 512 size 80 coarsen threshold 460 Card regions per heap region 1 cards per card region 2048
 CPUs: 4 total, 4 available
 Memory: 4007M
 Large Page Support: Disabled
 NUMA Support: Disabled
 Compressed Oops: Enabled (32-bit)
 Heap Region Size: 1M
 Heap Min Capacity: 8M
 Heap Initial Capacity: 64M
 Heap Max Capacity: 1002M
 Pre-touch: Disabled
 Parallel Workers: 4
 Concurrent Workers: 1
 Concurrent Refinement Workers: 4
 Periodic GC: Disabled
Heap:
 garbage-first heap   total 69632K, used 57852K [0x00000000c1600000, 0x0000000100000000)
  region size 1024K, 22 young (22528K), 2 survivors (2048K)
 Metaspace       used 33130K, committed 33472K, reserved 1114112K
  class space    used 3693K, committed 3840K, reserved 1048576K
GC Heap History (20 events):
Event: 5.225 GC heap before
{Heap before GC invocations=3 (full 0):
 garbage-first heap   total 65536K, used 41580K [0x00000000c1600000, 0x0000000100000000)
  region size 1024K, 38 young (38912K), 4 survivors (4096K)
 Metaspace       used 15697K, committed 15936K, reserved 1114112K
  class space    used 1856K, committed 1984K, reserved 1048576K
}
Event: 5.242 GC heap after
{Heap after GC invocations=4 (full 0):
 garbage-first heap   total 65536K, used 9693K [0x00000000c1600000, 0x0000000100000000)
  region size 1024K, 3 young (3072K), 3 survivors (3072K)
 Metaspace       used 15697K, committed 15936K, reserved 1114112K
  class space    used 1856K, committed 1984K, reserved 1048576K
}
Event: 6.879 GC heap before
{Heap before GC invocations=4 (full 0):
 garbage-first heap   total 65536K, used 45533K [0x00000000c1600000, 0x0000000100000000)
  region size 1024K, 38 young (38912K), 3 survivors (3072K)
 Metaspace       used 17038K, committed 17280K, reserved 1114112K
  class space    used 1981K, committed 2112K, reserved 1048576K
}
Event: 6.893 GC heap after
{Heap after GC invocations=5 (full 0):
 garbage-first heap   total 65536K, used 12313K [0x00000000c1600000, 0x0000000100000000)
  region size 1024K, 3 young (3072K), 3 survivors (3072K)
 Metaspace       used 17038K, committed 17280K, reserved 1114112K
  class space    used 1981K, committed 2112K, reserved 1048576K
}
Event: 9.531 GC heap before
{Heap before GC invocations=5 (full 0):
 garbage-first heap   total 65536K, used 27673K [0x00000000c1600000, 0x0000000100000000)
  region size 1024K, 20 young (20480K), 3 survivors (3072K)
 Metaspace       used 21246K, committed 21504K, reserved 1114112K
  class space    used 2505K, committed 2624K, reserved 1048576K
}
Event: 9.539 GC heap after
{Heap after GC invocations=6 (full 0):
 garbage-first heap   total 65536K, used 13801K [0x00000000c1600000, 0x0000000100000000)
  region size 1024K, 4 young (4096K), 4 survivors (4096K)
 Metaspace       used 21246K, committed 21504K, reserved 1114112K
  class space    used 2505K, committed 2624K, reserved 1048576K
}
Event: 10.810 GC heap before
{Heap before GC invocations=7 (full 0):
 garbage-first heap   total 51200K, used 39401K [0x00000000c1600000, 0x0000000100000000)
  region size 1024K, 30 young (30720K), 4 survivors (4096K)
 Metaspace       used 25489K, committed 25856K, reserved 1114112K
  class space    used 2906K, committed 3072K, reserved 1048576K
}
Event: 10.835 GC heap after
{Heap after GC invocations=8 (full 0):
 garbage-first heap   total 57344K, used 26089K [0x00000000c1600000, 0x0000000100000000)
  region size 1024K, 4 young (4096K), 4 survivors (4096K)
 Metaspace       used 25489K, committed 25856K, reserved 1114112K
  class space    used 2906K, committed 3072K, reserved 1048576K
}
Event: 11.191 GC heap before
{Heap before GC invocations=8 (full 0):
 garbage-first heap   total 57344K, used 45545K [0x00000000c1600000, 0x0000000100000000)
  region size 1024K, 23 young (23552K), 4 survivors (4096K)
 Metaspace       used 26038K, committed 26368K, reserved 1114112K
  class space    used 2974K, committed 3136K, reserved 1048576K
}
Event: 11.205 GC heap after
{Heap after GC invocations=9 (full 0):
 garbage-first heap   total 57344K, used 30430K [0x00000000c1600000, 0x0000000100000000)
  region size 1024K, 3 young (3072K), 3 survivors (3072K)
 Metaspace       used 26038K, committed 26368K, reserved 1114112K
  class space    used 2974K, committed 3136K, reserved 1048576K
}
Event: 11.451 GC heap before
{Heap before GC invocations=9 (full 0):
 garbage-first heap   total 57344K, used 45790K [0x00000000c1600000, 0x0000000100000000)
  region size 1024K, 18 young (18432K), 3 survivors (3072K)
 Metaspace       used 26215K, committed 26496K, reserved 1114112K
  class space    used 2975K, committed 3136K, reserved 1048576K
}
Event: 11.463 GC heap after
{Heap after GC invocations=10 (full 0):
 garbage-first heap   total 69632K, used 33792K [0x00000000c1600000, 0x0000000100000000)
  region size 1024K, 3 young (3072K), 3 survivors (3072K)
 Metaspace       used 26215K, committed 26496K, reserved 1114112K
  class space    used 2975K, committed 3136K, reserved 1048576K
}
Event: 12.393 GC heap before
{Heap before GC invocations=11 (full 0):
 garbage-first heap   total 69632K, used 55296K [0x00000000c1600000, 0x0000000100000000)
  region size 1024K, 24 young (24576K), 3 survivors (3072K)
 Metaspace       used 27686K, committed 28096K, reserved 1114112K
  class space    used 3144K, committed 3328K, reserved 1048576K
}
Event: 12.404 GC heap after
{Heap after GC invocations=12 (full 0):
 garbage-first heap   total 69632K, used 36336K [0x00000000c1600000, 0x0000000100000000)
  region size 1024K, 2 young (2048K), 2 survivors (2048K)
 Metaspace       used 27686K, committed 28096K, reserved 1114112K
  class space    used 3144K, committed 3328K, reserved 1048576K
}
Event: 12.847 GC heap before
{Heap before GC invocations=12 (full 0):
 garbage-first heap   total 69632K, used 57840K [0x00000000c1600000, 0x0000000100000000)
  region size 1024K, 23 young (23552K), 2 survivors (2048K)
 Metaspace       used 28395K, committed 28800K, reserved 1114112K
  class space    used 3205K, committed 3392K, reserved 1048576K
}
Event: 12.853 GC heap after
{Heap after GC invocations=13 (full 0):
 garbage-first heap   total 69632K, used 35826K [0x00000000c1600000, 0x0000000100000000)
  region size 1024K, 2 young (2048K), 2 survivors (2048K)
 Metaspace       used 28395K, committed 28800K, reserved 1114112K
  class space    used 3205K, committed 3392K, reserved 1048576K
}
Event: 15.244 GC heap before
{Heap before GC invocations=13 (full 0):
 garbage-first heap   total 69632K, used 58354K [0x00000000c1600000, 0x0000000100000000)
  region size 1024K, 24 young (24576K), 2 survivors (2048K)
 Metaspace       used 29900K, committed 30272K, reserved 1114112K
  class space    used 3376K, committed 3520K, reserved 1048576K
}
Event: 15.264 GC heap after
{Heap after GC invocations=14 (full 0):
 garbage-first heap   total 69632K, used 37998K [0x00000000c1600000, 0x0000000100000000)
  region size 1024K, 3 young (3072K), 3 survivors (3072K)
 Metaspace       used 29900K, committed 30272K, reserved 1114112K
  class space    used 3376K, committed 3520K, reserved 1048576K
}
Event: 17.679 GC heap before
{Heap before GC invocations=15 (full 0):
 garbage-first heap   total 69632K, used 58478K [0x00000000c1600000, 0x0000000100000000)
  region size 1024K, 24 young (24576K), 3 survivors (3072K)
 Metaspace       used 30238K, committed 30656K, reserved 1114112K
  class space    used 3387K, committed 3584K, reserved 1048576K
}
Event: 17.693 GC heap after
{Heap after GC invocations=16 (full 0):
 garbage-first heap   total 69632K, used 39420K [0x00000000c1600000, 0x0000000100000000)
  region size 1024K, 2 young (2048K), 2 survivors (2048K)
 Metaspace       used 30238K, committed 30656K, reserved 1114112K
  class space    used 3387K, committed 3584K, reserved 1048576K
}

