# JRE version: Java(TM) SE Runtime Environment (21.0.1+12) (build 21.0.1+12-LTS-29)
# Java VM: Java HotSpot(TM) 64-Bit Server VM (21.0.1+12-LTS-29, mixed mode, sharing, tiered, compressed oops, compressed class ptrs, g1 gc, windows-amd64)
GC Precious Log:
 CardTable entry size: 512
 Card Set container configuration: InlinePtr #cards 5 size 8 Array Of Cards #cards 12 size 40 Howl #buckets 4 coarsen threshold 1843 Howl Bitmap #cards 512 size 80 coarsen threshold 460 Card regions per heap region 1 cards per card region 2048
 CPUs: 4 total, 4 available
 Memory: 4007M
 Large Page Support: Disabled
 NUMA Support: Disabled
 Compressed Oops: Enabled (32-bit)
 Heap Region Size: 1M
 Heap Min Capacity: 8M
 Heap Initial Capacity: 64M
 Heap Max Capacity: 1002M
 Pre-touch: Disabled
 Parallel Workers: 4
 Concurrent Workers: 1
 Concurrent Refinement Workers: 4
 Periodic GC: Disabled
Heap:
 garbage-first heap   total 48128K, used 17644K [0x00000000c1600000, 0x0000000100000000)
  region size 1024K, 11 young (11264K), 5 survivors (5120K)
 Metaspace       used 23110K, committed 23616K, reserved 1114112K
  class space    used 2846K, committed 3072K, reserved 1048576K
GC Heap History (8 events):
Event: 1.326 GC heap before
{Heap before GC invocations=0 (full 0):
 garbage-first heap   total 65536K, used 12288K [0x00000000c1600000, 0x0000000100000000)
  region size 1024K, 13 young (13312K), 0 survivors (0K)
 Metaspace       used 3161K, committed 3328K, reserved 1114112K
  class space    used 292K, committed 384K, reserved 1048576K
}
Event: 1.338 GC heap after
{Heap after GC invocations=1 (full 0):
 garbage-first heap   total 65536K, used 6968K [0x00000000c1600000, 0x0000000100000000)
  region size 1024K, 2 young (2048K), 2 survivors (2048K)
 Metaspace       used 3161K, committed 3328K, reserved 1114112K
  class space    used 292K, committed 384K, reserved 1048576K
}
Event: 1.803 GC heap before
{Heap before GC invocations=1 (full 0):
 garbage-first heap   total 65536K, used 17208K [0x00000000c1600000, 0x0000000100000000)
  region size 1024K, 12 young (12288K), 2 survivors (2048K)
 Metaspace       used 5527K, committed 5696K, reserved 1114112K
  class space    used 621K, committed 704K, reserved 1048576K
}
Event: 1.807 GC heap after
{Heap after GC invocations=2 (full 0):
 garbage-first heap   total 65536K, used 7582K [0x00000000c1600000, 0x0000000100000000)
  region size 1024K, 1 young (1024K), 1 survivors (1024K)
 Metaspace       used 5527K, committed 5696K, reserved 1114112K
  class space    used 621K, committed 704K, reserved 1048576K
}
Event: 3.956 GC heap before
{Heap before GC invocations=2 (full 0):
 garbage-first heap   total 65536K, used 34206K [0x00000000c1600000, 0x0000000100000000)
  region size 1024K, 28 young (28672K), 1 survivors (1024K)
 Metaspace       used 14536K, committed 14848K, reserved 1114112K
  class space    used 1714K, committed 1856K, reserved 1048576K
}
Event: 3.966 GC heap after
{Heap after GC invocations=3 (full 0):
 garbage-first heap   total 65536K, used 10120K [0x00000000c1600000, 0x0000000100000000)
  region size 1024K, 3 young (3072K), 3 survivors (3072K)
 Metaspace       used 14536K, committed 14848K, reserved 1114112K
  class space    used 1714K, committed 1856K, reserved 1048576K
}
Event: 5.262 GC heap before
{Heap before GC invocations=3 (full 0):
 garbage-first heap   total 65536K, used 24456K [0x00000000c1600000, 0x0000000100000000)
  region size 1024K, 19 young (19456K), 3 survivors (3072K)
 Metaspace       used 21137K, committed 21504K, reserved 1114112K
  class space    used 2517K, committed 2688K, reserved 1048576K
}
Event: 5.274 GC heap after
{Heap after GC invocations=4 (full 0):
 garbage-first heap   total 65536K, used 12524K [0x00000000c1600000, 0x0000000100000000)
  region size 1024K, 5 young (5120K), 5 survivors (5120K)
 Metaspace       used 21137K, committed 21504K, reserved 1114112K
  class space    used 2517K, committed 2688K, reserved 1048576K
}

